CRITICAL - 2025-05-04 07:19:34 --> CodeIgniter\View\Exceptions\ViewException: Invalid file: "admin/dashboard.php"
[Method: GET, Route: supersecret/dashboard]
in SYSTEMPATH\Exceptions\FrameworkException.php on line 39.
 1 SYSTEMPATH\View\View.php(212): CodeIgniter\Exceptions\FrameworkException::forInvalidFile('admin/dashboard.php')
 2 SYSTEMPATH\Common.php(1173): CodeIgniter\View\View->render('admin/dashboard', [], true)
 3 APPPATH\Controllers\Admin.php(42): view('admin/dashboard', [...])
 4 SYSTEMPATH\CodeIgniter.php(933): App\Controllers\Admin->dashboard()
 5 SYSTEMPATH\CodeIgniter.php(507): CodeIgniter\CodeIgniter->runController(Object(App\Controllers\Admin))
 6 SYSTEMPATH\CodeIgniter.php(354): CodeIgniter\CodeIgniter->handleRequest(null, Object(Config\Cache), false)
 7 SYSTEMPATH\Boot.php(334): CodeIgniter\CodeIgniter->run()
 8 SYSTEMPATH\Boot.php(67): CodeIgniter\Boot::runCodeIgniter(Object(CodeIgniter\CodeIgniter))
 9 FCPATH\index.php(56): CodeIgniter\Boot::bootWeb(Object(Config\Paths))
CRITICAL - 2025-05-04 15:09:30 --> ErrorException: Undefined array key "latitude"
[Method: GET, Route: daftar_hewan/hilang]
in APPPATH\Views\daftar_hewan\hilang.php on line 95.
 1 APPPATH\Views\daftar_hewan\hilang.php(95): CodeIgniter\Debug\Exceptions->errorHandler(2, 'Undefined array key "latitude"', 'C:\\xampp2\\htdocs\\codeigniter4\\app\\Views\\daftar_hewan\\hilang.php', 95)
 2 SYSTEMPATH\View\View.php(224): include('C:\\xampp2\\htdocs\\codeigniter4\\app\\Views\\daftar_hewan\\hilang.php')
 3 SYSTEMPATH\View\View.php(227): CodeIgniter\View\View->CodeIgniter\View\{closure}()
 4 SYSTEMPATH\Common.php(1173): CodeIgniter\View\View->render('daftar_hewan/hilang', [], true)
 5 APPPATH\Controllers\DaftarHewan.php(46): view('daftar_hewan/hilang', [...])
 6 SYSTEMPATH\CodeIgniter.php(933): App\Controllers\DaftarHewan->hilang()
 7 SYSTEMPATH\CodeIgniter.php(507): CodeIgniter\CodeIgniter->runController(Object(App\Controllers\DaftarHewan))
 8 SYSTEMPATH\CodeIgniter.php(354): CodeIgniter\CodeIgniter->handleRequest(null, Object(Config\Cache), false)
 9 SYSTEMPATH\Boot.php(334): CodeIgniter\CodeIgniter->run()
10 SYSTEMPATH\Boot.php(67): CodeIgniter\Boot::runCodeIgniter(Object(CodeIgniter\CodeIgniter))
11 FCPATH\index.php(56): CodeIgniter\Boot::bootWeb(Object(Config\Paths))
CRITICAL - 2025-05-04 15:14:46 --> CodeIgniter\HTTP\Exceptions\BadRequestException: The URI you submitted has disallowed characters: "Golden_Retriever_Carlos_(10581910556).jpg"
[Method: GET, Route: uploads/https:/upload.wikimedia.org/wikipedia/commons/thumb/9/93/Golden_Retriever_Carlos_%2810581910556%29.jpg/500px-Golden_Retriever_Carlos_%2810581910556%29.jpg]
in SYSTEMPATH\Router\Router.php on line 739.
 1 SYSTEMPATH\Router\Router.php(207): CodeIgniter\Router\Router->checkDisallowedChars('uploads/https:/upload.wikimedia.org/wikipedia/commons/thumb/9/93/Golden_Retriever_Carlos_(10581910556).jpg/500px-Golden_Retriever_Carlos_(10581910556).jpg')
 2 SYSTEMPATH\CodeIgniter.php(832): CodeIgniter\Router\Router->handle('uploads/https:/upload.wikimedia.org/wikipedia/commons/thumb/9/93/Golden_Retriever_Carlos_(10581910556).jpg/500px-Golden_Retriever_Carlos_(10581910556).jpg')
 3 SYSTEMPATH\CodeIgniter.php(455): CodeIgniter\CodeIgniter->tryToRouteIt(Object(CodeIgniter\Router\RouteCollection))
 4 SYSTEMPATH\CodeIgniter.php(354): CodeIgniter\CodeIgniter->handleRequest(null, Object(Config\Cache), false)
 5 SYSTEMPATH\Boot.php(334): CodeIgniter\CodeIgniter->run()
 6 SYSTEMPATH\Boot.php(67): CodeIgniter\Boot::runCodeIgniter(Object(CodeIgniter\CodeIgniter))
 7 FCPATH\index.php(56): CodeIgniter\Boot::bootWeb(Object(Config\Paths))
CRITICAL - 2025-05-04 15:14:54 --> CodeIgniter\HTTP\Exceptions\BadRequestException: The URI you submitted has disallowed characters: "Golden_Retriever_Carlos_(10581910556).jpg"
[Method: GET, Route: uploads/https:/upload.wikimedia.org/wikipedia/commons/thumb/9/93/Golden_Retriever_Carlos_%2810581910556%29.jpg/500px-Golden_Retriever_Carlos_%2810581910556%29.jpg]
in SYSTEMPATH\Router\Router.php on line 739.
 1 SYSTEMPATH\Router\Router.php(207): CodeIgniter\Router\Router->checkDisallowedChars('uploads/https:/upload.wikimedia.org/wikipedia/commons/thumb/9/93/Golden_Retriever_Carlos_(10581910556).jpg/500px-Golden_Retriever_Carlos_(10581910556).jpg')
 2 SYSTEMPATH\CodeIgniter.php(832): CodeIgniter\Router\Router->handle('uploads/https:/upload.wikimedia.org/wikipedia/commons/thumb/9/93/Golden_Retriever_Carlos_(10581910556).jpg/500px-Golden_Retriever_Carlos_(10581910556).jpg')
 3 SYSTEMPATH\CodeIgniter.php(455): CodeIgniter\CodeIgniter->tryToRouteIt(Object(CodeIgniter\Router\RouteCollection))
 4 SYSTEMPATH\CodeIgniter.php(354): CodeIgniter\CodeIgniter->handleRequest(null, Object(Config\Cache), false)
 5 SYSTEMPATH\Boot.php(334): CodeIgniter\CodeIgniter->run()
 6 SYSTEMPATH\Boot.php(67): CodeIgniter\Boot::runCodeIgniter(Object(CodeIgniter\CodeIgniter))
 7 FCPATH\index.php(56): CodeIgniter\Boot::bootWeb(Object(Config\Paths))
CRITICAL - 2025-05-04 15:14:54 --> CodeIgniter\HTTP\Exceptions\BadRequestException: The URI you submitted has disallowed characters: "Golden_Retriever_Carlos_(10581910556).jpg"
[Method: GET, Route: uploads/https:/upload.wikimedia.org/wikipedia/commons/thumb/9/93/Golden_Retriever_Carlos_%2810581910556%29.jpg/500px-Golden_Retriever_Carlos_%2810581910556%29.jpg]
in SYSTEMPATH\Router\Router.php on line 739.
 1 SYSTEMPATH\Router\Router.php(207): CodeIgniter\Router\Router->checkDisallowedChars('uploads/https:/upload.wikimedia.org/wikipedia/commons/thumb/9/93/Golden_Retriever_Carlos_(10581910556).jpg/500px-Golden_Retriever_Carlos_(10581910556).jpg')
 2 SYSTEMPATH\CodeIgniter.php(832): CodeIgniter\Router\Router->handle('uploads/https:/upload.wikimedia.org/wikipedia/commons/thumb/9/93/Golden_Retriever_Carlos_(10581910556).jpg/500px-Golden_Retriever_Carlos_(10581910556).jpg')
 3 SYSTEMPATH\CodeIgniter.php(455): CodeIgniter\CodeIgniter->tryToRouteIt(Object(CodeIgniter\Router\RouteCollection))
 4 SYSTEMPATH\CodeIgniter.php(354): CodeIgniter\CodeIgniter->handleRequest(null, Object(Config\Cache), false)
 5 SYSTEMPATH\Boot.php(334): CodeIgniter\CodeIgniter->run()
 6 SYSTEMPATH\Boot.php(67): CodeIgniter\Boot::runCodeIgniter(Object(CodeIgniter\CodeIgniter))
 7 FCPATH\index.php(56): CodeIgniter\Boot::bootWeb(Object(Config\Paths))
CRITICAL - 2025-05-04 15:15:04 --> CodeIgniter\HTTP\Exceptions\BadRequestException: The URI you submitted has disallowed characters: "Golden_Retriever_Carlos_(10581910556).jpg"
[Method: GET, Route: uploads/https:/upload.wikimedia.org/wikipedia/commons/thumb/9/93/Golden_Retriever_Carlos_%2810581910556%29.jpg/500px-Golden_Retriever_Carlos_%2810581910556%29.jpg]
in SYSTEMPATH\Router\Router.php on line 739.
 1 SYSTEMPATH\Router\Router.php(207): CodeIgniter\Router\Router->checkDisallowedChars('uploads/https:/upload.wikimedia.org/wikipedia/commons/thumb/9/93/Golden_Retriever_Carlos_(10581910556).jpg/500px-Golden_Retriever_Carlos_(10581910556).jpg')
 2 SYSTEMPATH\CodeIgniter.php(832): CodeIgniter\Router\Router->handle('uploads/https:/upload.wikimedia.org/wikipedia/commons/thumb/9/93/Golden_Retriever_Carlos_(10581910556).jpg/500px-Golden_Retriever_Carlos_(10581910556).jpg')
 3 SYSTEMPATH\CodeIgniter.php(455): CodeIgniter\CodeIgniter->tryToRouteIt(Object(CodeIgniter\Router\RouteCollection))
 4 SYSTEMPATH\CodeIgniter.php(354): CodeIgniter\CodeIgniter->handleRequest(null, Object(Config\Cache), false)
 5 SYSTEMPATH\Boot.php(334): CodeIgniter\CodeIgniter->run()
 6 SYSTEMPATH\Boot.php(67): CodeIgniter\Boot::runCodeIgniter(Object(CodeIgniter\CodeIgniter))
 7 FCPATH\index.php(56): CodeIgniter\Boot::bootWeb(Object(Config\Paths))
